2012-02-29 09:15:48,835 INFO Pipeline.main.940 # output generated by pipeline_rnaseq.py make buildGeneModels
                                               # job started at Wed Feb 29 09:15:48 2012 on cgat150.anat.ox.ac.uk -- b694c1ef-f9d1-4549-8e83-ff04cc7d7e18
                                               # pid: 26138, system: Linux 2.6.32-220.4.1.el6.x86_64 #1 SMP Thu Jan 19 14:50:54 EST 2012 x86_64
2012-02-29 09:15:48,835 INFO Pipeline.main.941 code location: /ifs/home/nicki/src
2012-02-29 09:15:48,835 INFO Pipeline.main.942 code version: 122750e979b3+ tip
2012-02-29 09:15:49,869 ERROR Experiment.error.406 some tasks resulted in errors - error messages follow below
2012-02-29 09:15:49,870 ERROR Experiment.error.406 
                                                       
                                                       Exceptions generating parameters for
                                                       
                                                       def buildReferenceGeneSet(...):
                                                       
                                                   Original exception:
                                                   
                                                       Exception #1
                                                         'exceptions.KeyboardInterrupt' raised in ...
                                                          Task = def buildReferenceGeneSet(...):
                                                          
                                                       
                                                       Traceback (most recent call last):
                                                         File "build/bdist.linux-x86_64/egg/ruffus/task.py", line 2540, in parameter_generator
                                                           time.sleep(1.01)
                                                       KeyboardInterrupt
                                                       
                                                       
2012-02-29 09:20:31,267 INFO Pipeline.main.940 # output generated by test.py make buildGeneModels -v5
                                               # job started at Wed Feb 29 09:20:31 2012 on cgat150.anat.ox.ac.uk -- dbeb1564-513f-44ed-80e1-1fb5607a9676
                                               # pid: 26362, system: Linux 2.6.32-220.4.1.el6.x86_64 #1 SMP Thu Jan 19 14:50:54 EST 2012 x86_64
2012-02-29 09:20:31,267 INFO Pipeline.main.941 code location: /ifs/home/nicki/src
2012-02-29 09:20:31,267 INFO Pipeline.main.942 code version: 122750e979b3+ tip
2012-02-29 09:20:31,273 INFO task.log_at_level.201   Task = buildGeneModels
2012-02-29 09:20:31,274 INFO task.log_at_level.201     Needing update:
                                                         Job  = [test -> test1]
2012-02-29 09:20:31,274 INFO task.log_at_level.201 Task enters queue = buildGeneModels
2012-02-29 09:20:31,274 INFO task.log_at_level.201 build transcript models for each track separately.
2012-02-29 09:20:31,275 INFO task.log_at_level.201     Job  = [test -> test1] Missing files [test, test1] 
2012-02-29 09:20:31,278 ERROR Experiment.error.406 some tasks resulted in errors - error messages follow below
2012-02-29 09:20:31,278 ERROR Experiment.error.406 
                                                       
                                                       Exceptions generating parameters for
                                                       
                                                       def buildGeneModels(...):
                                                       
                                                   Original exception:
                                                   
                                                       Exception #1
                                                         'ruffus.ruffus_exceptions.MissingInputFileError(    
                                                           
                                                           
                                                           No way to run job: Input file ['test'] does not exist)' raised in ...
                                                          Task = def buildGeneModels(...):
                                                          
                                                       
                                                       Traceback (most recent call last):
                                                         File "build/bdist.linux-x86_64/egg/ruffus/task.py", line 2535, in parameter_generator
                                                           check_input_files_exist (*param)
                                                         File "build/bdist.linux-x86_64/egg/ruffus/file_name_parameters.py", line 232, in check_input_files_exist
                                                           "Input file ['%s'] does not exist" % f)
                                                       MissingInputFileError:     
                                                           
                                                           
                                                           No way to run job: Input file ['test'] does not exist
                                                       
                                                       
2012-02-29 09:21:03,990 INFO Pipeline.main.940 # output generated by test.py make buildGeneModels -v5
                                               # job started at Wed Feb 29 09:21:03 2012 on cgat150.anat.ox.ac.uk -- a1d2a5c3-cc3f-45f9-b7cb-225f32a6a4da
                                               # pid: 26389, system: Linux 2.6.32-220.4.1.el6.x86_64 #1 SMP Thu Jan 19 14:50:54 EST 2012 x86_64
2012-02-29 09:21:03,991 INFO Pipeline.main.941 code location: /ifs/home/nicki/src
2012-02-29 09:21:03,991 INFO Pipeline.main.942 code version: 122750e979b3+ tip
2012-02-29 09:21:03,997 INFO task.log_at_level.201   Task = buildGeneModels
2012-02-29 09:21:03,997 INFO task.log_at_level.201     Needing update:
                                                         Job  = [test -> test1]
2012-02-29 09:21:03,998 INFO task.log_at_level.201 Task enters queue = buildGeneModels
2012-02-29 09:21:03,998 INFO task.log_at_level.201 build transcript models for each track separately.
2012-02-29 09:21:03,998 INFO task.log_at_level.201     Job  = [test -> test1] Missing file [test1] 
2012-02-29 09:21:05,030 INFO task.completed.1283 Completed Task = buildGeneModels
2012-02-29 09:21:05,125 ERROR Experiment.error.406 some tasks resulted in errors - error messages follow below
2012-02-29 09:21:05,125 ERROR Experiment.error.406 
                                                       
                                                       
                                                       
                                                   Original exception:
                                                   
                                                       Exception #1
                                                         'exceptions.NameError(global name 'USECLUSTER' is not defined)' raised in ...
                                                          Task = def buildGeneModels(...):
                                                          Job  = [test -> test1]
                                                       
                                                       Traceback (most recent call last):
                                                         File "build/bdist.linux-x86_64/egg/ruffus/task.py", line 616, in run_pooled_job_without_exceptions
                                                           return_value =  job_wrapper(param, user_defined_work_func, register_cleanup, touch_files_only)
                                                         File "build/bdist.linux-x86_64/egg/ruffus/task.py", line 486, in job_wrapper_io_files
                                                           ret_val = user_defined_work_func(*param)
                                                         File "test.py", line 93, in buildGeneModels
                                                           to_cluster = USECLUSTER
                                                       NameError: global name 'USECLUSTER' is not defined
                                                       
                                                       
2012-02-29 09:21:29,653 INFO Pipeline.main.940 # output generated by test.py make buildGeneModels -v5
                                               # job started at Wed Feb 29 09:21:29 2012 on cgat150.anat.ox.ac.uk -- c25a09a8-a8f4-4e70-9ac0-3e668b8949bb
                                               # pid: 26417, system: Linux 2.6.32-220.4.1.el6.x86_64 #1 SMP Thu Jan 19 14:50:54 EST 2012 x86_64
2012-02-29 09:21:29,654 INFO Pipeline.main.941 code location: /ifs/home/nicki/src
2012-02-29 09:21:29,654 INFO Pipeline.main.942 code version: 122750e979b3+ tip
2012-02-29 09:21:29,659 INFO task.log_at_level.201   Task = buildGeneModels
2012-02-29 09:21:29,660 INFO task.log_at_level.201     Needing update:
                                                         Job  = [test -> test1]
2012-02-29 09:21:29,660 INFO task.log_at_level.201 Task enters queue = buildGeneModels
2012-02-29 09:21:29,660 INFO task.log_at_level.201 build transcript models for each track separately.
2012-02-29 09:21:29,661 INFO task.log_at_level.201     Job  = [test -> test1] Missing file [test1] 
2012-02-29 09:21:30,720 INFO task.completed.1283 Completed Task = buildGeneModels
2012-02-29 09:21:30,809 ERROR Experiment.error.406 some tasks resulted in errors - error messages follow below
2012-02-29 09:21:30,809 ERROR Experiment.error.406 
                                                       
                                                       
                                                       
                                                   Original exception:
                                                   
                                                       Exception #1
                                                         'exceptions.AssertionError' raised in ...
                                                          Task = def buildGeneModels(...):
                                                          Job  = [test -> test1]
                                                       
                                                       Traceback (most recent call last):
                                                         File "build/bdist.linux-x86_64/egg/ruffus/task.py", line 616, in run_pooled_job_without_exceptions
                                                           return_value =  job_wrapper(param, user_defined_work_func, register_cleanup, touch_files_only)
                                                         File "build/bdist.linux-x86_64/egg/ruffus/task.py", line 486, in job_wrapper_io_files
                                                           ret_val = user_defined_work_func(*param)
                                                         File "test.py", line 96, in buildGeneModels
                                                           track = os.path.basename( P.snip( outfile, ".gtf.gz" ) )
                                                         File "/ifs/home/nicki/src/Pipeline.py", line 445, in snip
                                                           assert filename.endswith( extension )
                                                       AssertionError
                                                       
                                                       
2012-02-29 09:22:31,758 INFO Pipeline.main.940 # output generated by test.py make buildGeneModels -v5
                                               # job started at Wed Feb 29 09:22:31 2012 on cgat150.anat.ox.ac.uk -- a7c13320-3372-4012-8fb1-d2d2efcdf2e3
                                               # pid: 26456, system: Linux 2.6.32-220.4.1.el6.x86_64 #1 SMP Thu Jan 19 14:50:54 EST 2012 x86_64
2012-02-29 09:22:31,758 INFO Pipeline.main.941 code location: /ifs/home/nicki/src
2012-02-29 09:22:31,758 INFO Pipeline.main.942 code version: 122750e979b3+ tip
2012-02-29 09:22:31,764 INFO task.log_at_level.201   Task = buildGeneModels
2012-02-29 09:22:31,768 INFO task.log_at_level.201     Needing update:
                                                         Job  = [test.txt -> test1.tsv]
2012-02-29 09:22:31,768 INFO task.log_at_level.201 Task enters queue = buildGeneModels
2012-02-29 09:22:31,768 INFO task.log_at_level.201 build transcript models for each track separately.
2012-02-29 09:22:31,768 INFO task.log_at_level.201     Job  = [test.txt -> test1.tsv] Missing file [test1.tsv] 
2012-02-29 09:22:32,798 INFO task.completed.1283 Completed Task = buildGeneModels
2012-02-29 09:22:32,894 ERROR Experiment.error.406 some tasks resulted in errors - error messages follow below
2012-02-29 09:22:32,894 ERROR Experiment.error.406 
                                                       
                                                       
                                                       
                                                   Original exception:
                                                   
                                                       Exception #1
                                                         'exceptions.AssertionError' raised in ...
                                                          Task = def buildGeneModels(...):
                                                          Job  = [test.txt -> test1.tsv]
                                                       
                                                       Traceback (most recent call last):
                                                         File "build/bdist.linux-x86_64/egg/ruffus/task.py", line 616, in run_pooled_job_without_exceptions
                                                           return_value =  job_wrapper(param, user_defined_work_func, register_cleanup, touch_files_only)
                                                         File "build/bdist.linux-x86_64/egg/ruffus/task.py", line 486, in job_wrapper_io_files
                                                           ret_val = user_defined_work_func(*param)
                                                         File "test.py", line 96, in buildGeneModels
                                                           track = os.path.basename( P.snip( outfile, ".gtf.gz" ) )
                                                         File "/ifs/home/nicki/src/Pipeline.py", line 445, in snip
                                                           assert filename.endswith( extension )
                                                       AssertionError
                                                       
                                                       
2012-02-29 09:23:12,280 INFO Pipeline.main.940 # output generated by test.py make buildGeneModels -v5
                                               # job started at Wed Feb 29 09:23:12 2012 on cgat150.anat.ox.ac.uk -- 6540184a-3c5e-41ce-8c52-ceebcf474e0e
                                               # pid: 26491, system: Linux 2.6.32-220.4.1.el6.x86_64 #1 SMP Thu Jan 19 14:50:54 EST 2012 x86_64
2012-02-29 09:23:12,280 INFO Pipeline.main.941 code location: /ifs/home/nicki/src
2012-02-29 09:23:12,280 INFO Pipeline.main.942 code version: 122750e979b3+ tip
2012-02-29 09:23:12,286 INFO task.log_at_level.201   Task = buildGeneModels
2012-02-29 09:23:12,286 INFO task.log_at_level.201     Needing update:
                                                         Job  = [test.txt -> test1.tsv]
2012-02-29 09:23:12,287 INFO task.log_at_level.201 Task enters queue = buildGeneModels
2012-02-29 09:23:12,287 INFO task.log_at_level.201 build transcript models for each track separately.
2012-02-29 09:23:12,287 INFO task.log_at_level.201     Job  = [test.txt -> test1.tsv] Missing file [test1.tsv] 
2012-02-29 09:23:13,315 INFO task.completed.1283 Completed Task = buildGeneModels
2012-02-29 09:23:13,410 ERROR Experiment.error.406 some tasks resulted in errors - error messages follow below
2012-02-29 09:23:13,410 ERROR Experiment.error.406 
                                                       
                                                       
                                                       
                                                   Original exception:
                                                   
                                                       Exception #1
                                                         'exceptions.NameError(global name 'PARAMs' is not defined)' raised in ...
                                                          Task = def buildGeneModels(...):
                                                          Job  = [test.txt -> test1.tsv]
                                                       
                                                       Traceback (most recent call last):
                                                         File "build/bdist.linux-x86_64/egg/ruffus/task.py", line 616, in run_pooled_job_without_exceptions
                                                           return_value =  job_wrapper(param, user_defined_work_func, register_cleanup, touch_files_only)
                                                         File "build/bdist.linux-x86_64/egg/ruffus/task.py", line 486, in job_wrapper_io_files
                                                           ret_val = user_defined_work_func(*param)
                                                         File "test.py", line 108, in buildGeneModels
                                                           if PARAMs["cufflinks_include_mask"]:
                                                       NameError: global name 'PARAMs' is not defined
                                                       
                                                       
2012-02-29 09:23:25,626 INFO Pipeline.main.940 # output generated by test.py make buildGeneModels -v5
                                               # job started at Wed Feb 29 09:23:25 2012 on cgat150.anat.ox.ac.uk -- 7d056667-ac90-43f8-93b1-4792b9184304
                                               # pid: 26518, system: Linux 2.6.32-220.4.1.el6.x86_64 #1 SMP Thu Jan 19 14:50:54 EST 2012 x86_64
2012-02-29 09:23:25,626 INFO Pipeline.main.941 code location: /ifs/home/nicki/src
2012-02-29 09:23:25,626 INFO Pipeline.main.942 code version: 122750e979b3+ tip
2012-02-29 09:23:25,632 INFO task.log_at_level.201   Task = buildGeneModels
2012-02-29 09:23:25,633 INFO task.log_at_level.201     Needing update:
                                                         Job  = [test.txt -> test1.tsv]
2012-02-29 09:23:25,633 INFO task.log_at_level.201 Task enters queue = buildGeneModels
2012-02-29 09:23:25,633 INFO task.log_at_level.201 build transcript models for each track separately.
2012-02-29 09:23:25,633 INFO task.log_at_level.201     Job  = [test.txt -> test1.tsv] Missing file [test1.tsv] 
2012-02-29 09:23:26,661 INFO task.completed.1283 Completed Task = buildGeneModels
2012-02-29 09:23:26,757 ERROR Experiment.error.406 some tasks resulted in errors - error messages follow below
2012-02-29 09:23:26,757 ERROR Experiment.error.406 
                                                       
                                                       
                                                       
                                                   Original exception:
                                                   
                                                       Exception #1
                                                         'exceptions.KeyError('cufflinks_include_mask')' raised in ...
                                                          Task = def buildGeneModels(...):
                                                          Job  = [test.txt -> test1.tsv]
                                                       
                                                       Traceback (most recent call last):
                                                         File "build/bdist.linux-x86_64/egg/ruffus/task.py", line 616, in run_pooled_job_without_exceptions
                                                           return_value =  job_wrapper(param, user_defined_work_func, register_cleanup, touch_files_only)
                                                         File "build/bdist.linux-x86_64/egg/ruffus/task.py", line 486, in job_wrapper_io_files
                                                           ret_val = user_defined_work_func(*param)
                                                         File "test.py", line 108, in buildGeneModels
                                                           if PARAMS["cufflinks_include_mask"]:
                                                       KeyError: 'cufflinks_include_mask'
                                                       
                                                       
2012-02-29 09:24:09,835 INFO Pipeline.main.940 # output generated by test.py make buildGeneModels -v5
                                               # job started at Wed Feb 29 09:24:09 2012 on cgat150.anat.ox.ac.uk -- 640a989c-2e79-49d1-9944-7ff6670f8cc4
                                               # pid: 26550, system: Linux 2.6.32-220.4.1.el6.x86_64 #1 SMP Thu Jan 19 14:50:54 EST 2012 x86_64
2012-02-29 09:24:09,835 INFO Pipeline.main.941 code location: /ifs/home/nicki/src
2012-02-29 09:24:09,835 INFO Pipeline.main.942 code version: 122750e979b3+ tip
2012-02-29 09:24:09,841 INFO task.log_at_level.201   Task = buildGeneModels
2012-02-29 09:24:09,842 INFO task.log_at_level.201     Needing update:
                                                         Job  = [test.txt -> test1.tsv]
2012-02-29 09:24:09,842 INFO task.log_at_level.201 Task enters queue = buildGeneModels
2012-02-29 09:24:09,842 INFO task.log_at_level.201 build transcript models for each track separately.
2012-02-29 09:24:09,842 INFO task.log_at_level.201     Job  = [test.txt -> test1.tsv] Missing file [test1.tsv] 
2012-02-29 09:24:10,868 INFO task.pipeline_run.2924     Job  = [test.txt -> test1.tsv] completed
2012-02-29 09:24:10,868 INFO task.completed.1283 Completed Task = buildGeneModels
2012-02-29 09:24:10,979 INFO Pipeline.main.949 # job finished in 1 seconds at Wed Feb 29 09:24:10 2012 --  0.71  0.35  1.03  0.45 -- 640a989c-2e79-49d1-9944-7ff6670f8cc4
2012-02-29 09:24:30,738 INFO Pipeline.main.940 # output generated by test.py make buildGeneModels -v5
                                               # job started at Wed Feb 29 09:24:30 2012 on cgat150.anat.ox.ac.uk -- 9fcc57ae-a382-4f41-a820-cce3149f70b0
                                               # pid: 26577, system: Linux 2.6.32-220.4.1.el6.x86_64 #1 SMP Thu Jan 19 14:50:54 EST 2012 x86_64
2012-02-29 09:24:30,739 INFO Pipeline.main.941 code location: /ifs/home/nicki/src
2012-02-29 09:24:30,739 INFO Pipeline.main.942 code version: 122750e979b3+ tip
2012-02-29 09:24:30,744 INFO task.log_at_level.201   Task = buildGeneModels
2012-02-29 09:24:30,745 INFO task.log_at_level.201     Needing update:
                                                         Job  = [test.txt -> test1.tsv]
2012-02-29 09:24:30,745 INFO task.log_at_level.201 Task enters queue = buildGeneModels
2012-02-29 09:24:30,746 INFO task.log_at_level.201 build transcript models for each track separately.
2012-02-29 09:24:30,746 INFO task.log_at_level.201     Job  = [test.txt -> test1.tsv] Missing file [test1.tsv] 
2012-02-29 09:24:31,770 INFO task.pipeline_run.2924     Job  = [test.txt -> test1.tsv] completed
2012-02-29 09:24:31,770 INFO task.completed.1283 Completed Task = buildGeneModels
2012-02-29 09:24:31,881 INFO Pipeline.main.949 # job finished in 1 seconds at Wed Feb 29 09:24:31 2012 --  0.72  0.28  1.02  0.44 -- 9fcc57ae-a382-4f41-a820-cce3149f70b0
2012-02-29 09:25:47,065 INFO Pipeline.main.940 # output generated by test.py make buildGeneModels -v5
                                               # job started at Wed Feb 29 09:25:47 2012 on cgat150.anat.ox.ac.uk -- 306f2b5a-2131-4146-b37a-ad54aa90593c
                                               # pid: 26620, system: Linux 2.6.32-220.4.1.el6.x86_64 #1 SMP Thu Jan 19 14:50:54 EST 2012 x86_64
2012-02-29 09:25:47,065 INFO Pipeline.main.941 code location: /ifs/home/nicki/src
2012-02-29 09:25:47,065 INFO Pipeline.main.942 code version: 122750e979b3+ tip
2012-02-29 09:25:47,070 INFO task.log_at_level.201   Task = buildGeneModels
2012-02-29 09:25:47,071 INFO task.log_at_level.201     Needing update:
                                                         Job  = [test.txt -> test1.tsv]
2012-02-29 09:25:47,071 INFO task.log_at_level.201 Task enters queue = buildGeneModels
2012-02-29 09:25:47,071 INFO task.log_at_level.201 build transcript models for each track separately.
2012-02-29 09:25:47,072 INFO task.log_at_level.201     Job  = [test.txt -> test1.tsv] Missing file [test1.tsv] 
2012-02-29 09:25:48,102 INFO task.completed.1283 Completed Task = buildGeneModels
2012-02-29 09:25:48,197 ERROR Experiment.error.406 some tasks resulted in errors - error messages follow below
2012-02-29 09:25:48,198 ERROR Experiment.error.406 
                                                       
                                                       
                                                       
                                                   Original exception:
                                                   
                                                       Exception #1
                                                         'exceptions.AttributeError('str' object has no attribute 'append')' raised in ...
                                                          Task = def buildGeneModels(...):
                                                          Job  = [test.txt -> test1.tsv]
                                                       
                                                       Traceback (most recent call last):
                                                         File "build/bdist.linux-x86_64/egg/ruffus/task.py", line 616, in run_pooled_job_without_exceptions
                                                           return_value =  job_wrapper(param, user_defined_work_func, register_cleanup, touch_files_only)
                                                         File "build/bdist.linux-x86_64/egg/ruffus/task.py", line 486, in job_wrapper_io_files
                                                           ret_val = user_defined_work_func(*param)
                                                         File "test.py", line 110, in buildGeneModels
                                                           options.append("../geneset_mask.gtf")
                                                       AttributeError: 'str' object has no attribute 'append'
                                                       
                                                       
2012-02-29 09:27:58,441 INFO Pipeline.main.940 # output generated by test.py make buildGeneModels -v5
                                               # job started at Wed Feb 29 09:27:58 2012 on cgat150.anat.ox.ac.uk -- d77bceca-06cd-45b7-a9d3-9414e3912344
                                               # pid: 26668, system: Linux 2.6.32-220.4.1.el6.x86_64 #1 SMP Thu Jan 19 14:50:54 EST 2012 x86_64
2012-02-29 09:27:58,441 INFO Pipeline.main.941 code location: /ifs/home/nicki/src
2012-02-29 09:27:58,441 INFO Pipeline.main.942 code version: 122750e979b3+ tip
2012-02-29 09:27:58,447 INFO task.log_at_level.201   Task = buildGeneModels
2012-02-29 09:27:58,447 INFO task.log_at_level.201     Needing update:
                                                         Job  = [test.txt -> test1.tsv]
2012-02-29 09:27:58,448 INFO task.log_at_level.201 Task enters queue = buildGeneModels
2012-02-29 09:27:58,448 INFO task.log_at_level.201 build transcript models for each track separately.
2012-02-29 09:27:58,448 INFO task.log_at_level.201     Job  = [test.txt -> test1.tsv] Missing file [test1.tsv] 
2012-02-29 09:27:59,474 INFO task.pipeline_run.2924     Job  = [test.txt -> test1.tsv] completed
2012-02-29 09:27:59,474 INFO task.completed.1283 Completed Task = buildGeneModels
2012-02-29 09:27:59,581 INFO Pipeline.main.949 # job finished in 1 seconds at Wed Feb 29 09:27:59 2012 --  0.72  0.33  1.02  0.47 -- d77bceca-06cd-45b7-a9d3-9414e3912344
